mode: set
github.com/LuizFJP/pet-ms/domain/entity/pet.go:26.57,29.33 2 1
github.com/LuizFJP/pet-ms/domain/entity/pet.go:30.10,30.10 0 1
github.com/LuizFJP/pet-ms/domain/entity/pet.go:31.10,32.35 1 1
github.com/LuizFJP/pet-ms/domain/entity/pet.go:35.2,35.22 1 1
github.com/LuizFJP/pet-ms/domain/entity/pet.go:38.64,39.18 1 1
github.com/LuizFJP/pet-ms/domain/entity/pet.go:39.18,41.3 1 1
github.com/LuizFJP/pet-ms/domain/entity/pet.go:43.2,43.19 1 1
github.com/LuizFJP/pet-ms/domain/entity/pet.go:43.19,45.3 1 1
github.com/LuizFJP/pet-ms/domain/entity/pet.go:47.2,47.37 1 1
github.com/LuizFJP/pet-ms/domain/entity/pet.go:47.37,49.3 1 1
github.com/LuizFJP/pet-ms/application/pet_application.go:14.77,16.2 1 1
github.com/LuizFJP/pet-ms/application/pet_application.go:25.84,27.2 1 1
github.com/LuizFJP/pet-ms/application/pet_application.go:29.79,31.2 1 1
github.com/LuizFJP/pet-ms/application/pet_application.go:33.86,35.2 1 1
github.com/LuizFJP/pet-ms/application/pet_application.go:37.88,39.2 1 1
github.com/LuizFJP/pet-ms/infrastructure/persistence/db.go:17.101,20.16 3 0
github.com/LuizFJP/pet-ms/infrastructure/persistence/db.go:20.16,22.3 1 0
github.com/LuizFJP/pet-ms/infrastructure/persistence/db.go:23.2,28.8 2 0
github.com/LuizFJP/pet-ms/infrastructure/persistence/db.go:31.38,33.2 1 1
github.com/LuizFJP/pet-ms/infrastructure/persistence/db.go:35.44,37.2 1 1
github.com/LuizFJP/pet-ms/infrastructure/persistence/pet_repository.go:14.45,16.2 1 1
github.com/LuizFJP/pet-ms/infrastructure/persistence/pet_repository.go:20.77,23.16 3 1
github.com/LuizFJP/pet-ms/infrastructure/persistence/pet_repository.go:23.16,26.3 2 1
github.com/LuizFJP/pet-ms/infrastructure/persistence/pet_repository.go:27.2,27.17 1 1
github.com/LuizFJP/pet-ms/infrastructure/persistence/pet_repository.go:30.72,34.16 4 1
github.com/LuizFJP/pet-ms/infrastructure/persistence/pet_repository.go:34.16,37.3 2 1
github.com/LuizFJP/pet-ms/infrastructure/persistence/pet_repository.go:38.2,38.17 1 1
github.com/LuizFJP/pet-ms/infrastructure/persistence/pet_repository.go:41.79,56.21 3 1
github.com/LuizFJP/pet-ms/infrastructure/persistence/pet_repository.go:56.21,59.3 2 0
github.com/LuizFJP/pet-ms/infrastructure/persistence/pet_repository.go:60.2,60.26 1 1
github.com/LuizFJP/pet-ms/infrastructure/persistence/pet_repository.go:60.26,63.3 2 1
github.com/LuizFJP/pet-ms/infrastructure/persistence/pet_repository.go:65.2,66.78 2 1
github.com/LuizFJP/pet-ms/infrastructure/persistence/pet_repository.go:66.78,69.3 2 0
github.com/LuizFJP/pet-ms/infrastructure/persistence/pet_repository.go:70.2,70.21 1 1
github.com/LuizFJP/pet-ms/infrastructure/persistence/pet_repository.go:72.89,78.21 3 1
github.com/LuizFJP/pet-ms/infrastructure/persistence/pet_repository.go:78.21,81.3 2 0
github.com/LuizFJP/pet-ms/infrastructure/persistence/pet_repository.go:82.2,82.26 1 1
github.com/LuizFJP/pet-ms/infrastructure/persistence/pet_repository.go:82.26,84.3 1 1
github.com/LuizFJP/pet-ms/infrastructure/persistence/pet_repository.go:86.2,88.8 1 1
github.com/LuizFJP/pet-ms/init/main.go:30.26,40.2 1 0
github.com/LuizFJP/pet-ms/init/main.go:42.37,43.34 1 0
github.com/LuizFJP/pet-ms/init/main.go:43.34,45.3 1 0
github.com/LuizFJP/pet-ms/init/main.go:46.2,46.12 1 0
github.com/LuizFJP/pet-ms/init/main.go:51.85,60.16 2 0
github.com/LuizFJP/pet-ms/init/main.go:60.16,62.3 1 0
github.com/LuizFJP/pet-ms/init/main.go:64.2,64.20 1 0
github.com/LuizFJP/pet-ms/init/main.go:64.20,66.3 1 0
github.com/LuizFJP/pet-ms/init/main.go:68.2,69.16 2 0
github.com/LuizFJP/pet-ms/init/main.go:69.16,71.3 1 0
github.com/LuizFJP/pet-ms/init/main.go:73.2,75.27 2 0
github.com/LuizFJP/pet-ms/init/main.go:80.75,101.2 8 0
github.com/LuizFJP/pet-ms/init/main.go:104.57,106.16 2 0
github.com/LuizFJP/pet-ms/init/main.go:106.16,108.3 1 0
github.com/LuizFJP/pet-ms/init/main.go:110.2,111.21 2 0
github.com/LuizFJP/pet-ms/init/main.go:114.13,118.16 3 0
github.com/LuizFJP/pet-ms/init/main.go:118.16,120.3 1 0
github.com/LuizFJP/pet-ms/init/main.go:121.2,125.57 3 0
github.com/LuizFJP/pet-ms/init/main.go:125.57,127.3 1 0
github.com/LuizFJP/pet-ms/interfaces/grpc/server.go:18.70,20.2 1 1
github.com/LuizFJP/pet-ms/interfaces/grpc/server.go:22.108,34.20 4 1
github.com/LuizFJP/pet-ms/interfaces/grpc/server.go:34.20,36.3 1 1
github.com/LuizFJP/pet-ms/interfaces/grpc/server.go:38.2,48.25 2 1
github.com/LuizFJP/pet-ms/interfaces/grpc/server.go:51.108,62.20 4 1
github.com/LuizFJP/pet-ms/interfaces/grpc/server.go:62.20,64.3 1 1
github.com/LuizFJP/pet-ms/interfaces/grpc/server.go:66.2,75.25 2 1
github.com/LuizFJP/pet-ms/interfaces/grpc/server.go:78.99,80.20 2 1
github.com/LuizFJP/pet-ms/interfaces/grpc/server.go:80.20,82.3 1 1
github.com/LuizFJP/pet-ms/interfaces/grpc/server.go:83.2,93.25 2 1
github.com/LuizFJP/pet-ms/interfaces/grpc/server.go:96.108,98.20 2 1
github.com/LuizFJP/pet-ms/interfaces/grpc/server.go:98.20,100.3 1 1
github.com/LuizFJP/pet-ms/interfaces/grpc/server.go:102.2,106.28 2 1
